<?xml version="1.0" encoding="UTF-8"?>
<!-- Generated by org.testng.reporters.JUnitReportReporter -->
<testsuite hostname="DESKTOP-IPVOHCG" failures="0" tests="1" name="reporting.ExtentReport" time="11.569" errors="0" timestamp="2025-04-03T09:20:34 IST" skipped="0">
  <testcase classname="reporting.ExtentReport" name="titleTest" time="11.569"/>
</testsuite> <!-- reporting.ExtentReport -->
